0 silly input [ 'rimraf', 'node_modules' ]
1 silly flags { _: [ 'exec' ], command: 'rimraf', args: [ 'node_modules' ] }
2 verbose rootPath D:\projects\mobx-mission-control
3 info version 2.2.0
4 silly existsSync D:\projects\mobx-mission-control\VERSION
5 silly initialize attempt
6 silly initialize success
7 silly execute attempt
8 error exec Errored while executing 'rimraf node_modules' in 'app'
9 error execute Error: spawn rimraf ENOENT
9 error execute     at notFoundError (C:\Users\Raathigesh\AppData\Roaming\npm\node_modules\lerna\node_modules\cross-spawn\lib\enoent.js:11:11)
9 error execute     at verifyENOENT (C:\Users\Raathigesh\AppData\Roaming\npm\node_modules\lerna\node_modules\cross-spawn\lib\enoent.js:46:16)
9 error execute     at ChildProcess.cp.emit (C:\Users\Raathigesh\AppData\Roaming\npm\node_modules\lerna\node_modules\cross-spawn\lib\enoent.js:33:19)
9 error execute     at Process.ChildProcess._handle.onexit (internal/child_process.js:197:12)
9 error execute  callback with error
9 error execute  { Error: spawn rimraf ENOENT
9 error execute     at notFoundError (C:\Users\Raathigesh\AppData\Roaming\npm\node_modules\lerna\node_modules\cross-spawn\lib\enoent.js:11:11)
9 error execute     at verifyENOENT (C:\Users\Raathigesh\AppData\Roaming\npm\node_modules\lerna\node_modules\cross-spawn\lib\enoent.js:46:16)
9 error execute     at ChildProcess.cp.emit (C:\Users\Raathigesh\AppData\Roaming\npm\node_modules\lerna\node_modules\cross-spawn\lib\enoent.js:33:19)
9 error execute     at Process.ChildProcess._handle.onexit (internal/child_process.js:197:12)
9 error execute   stack: 'Error: spawn rimraf ENOENT\n    at notFoundError (C:\\Users\\Raathigesh\\AppData\\Roaming\\npm\\node_modules\\lerna\\node_modules\\cross-spawn\\lib\\enoent.js:11:11)\n    at verifyENOENT (C:\\Users\\Raathigesh\\AppData\\Roaming\\npm\\node_modules\\lerna\\node_modules\\cross-spawn\\lib\\enoent.js:46:16)\n    at ChildProcess.cp.emit (C:\\Users\\Raathigesh\\AppData\\Roaming\\npm\\node_modules\\lerna\\node_modules\\cross-spawn\\lib\\enoent.js:33:19)\n    at Process.ChildProcess._handle.onexit (internal/child_process.js:197:12)',
9 error execute   errno: 'ENOENT',
9 error execute   code: 'ENOENT',
9 error execute   syscall: 'spawn rimraf',
9 error execute   killed: false,
9 error execute   stdout: null,
9 error execute   stderr: null,
9 error execute   failed: true,
9 error execute   signal: null,
9 error execute   cmd: 'rimraf node_modules',
9 error execute   timedOut: false }
